# JRE version: Java(TM) SE Runtime Environment (8.0_121-b13) (build 1.8.0_121-b13)
# Java VM: Java HotSpot(TM) 64-Bit Server VM (25.121-b13 mixed mode windows-amd64 compressed oops)
Heap:
 par new generation   total 306688K, used 234434K [0x00000000c0000000, 0x00000000d4cc0000, 0x00000000d4cc0000)
  eden space 272640K,  80% used [0x00000000c0000000, 0x00000000cd63e590, 0x00000000d0a40000)
  from space 34048K,  44% used [0x00000000d2b80000, 0x00000000d3a323e0, 0x00000000d4cc0000)
  to   space 34048K,   0% used [0x00000000d0a40000, 0x00000000d0a40000, 0x00000000d2b80000)
 concurrent mark-sweep generation total 707840K, used 269650K [0x00000000d4cc0000, 0x0000000100000000, 0x0000000100000000)
 Metaspace       used 50465K, capacity 50769K, committed 51328K, reserved 1093632K
  class space    used 6059K, capacity 6167K, committed 6272K, reserved 1048576K
GC Heap History (10 events):
Event: 44.062 GC heap before
{Heap before GC invocations=30 (full 12):
 par new generation   total 306688K, used 288254K [0x00000000c0000000, 0x00000000d4cc0000, 0x00000000d4cc0000)
  eden space 272640K, 100% used [0x00000000c0000000, 0x00000000d0a40000, 0x00000000d0a40000)
  from space 34048K,  45% used [0x00000000d0a40000, 0x00000000d197f830, 0x00000000d2b80000)
  to   space 34048K,   0% used [0x00000000d2b80000, 0x00000000d2b80000, 0x00000000d4cc0000)
 concurrent mark-sweep generation total 707840K, used 262180K [0x00000000d4cc0000, 0x0000000100000000, 0x0000000100000000)
 Metaspace       used 50196K, capacity 50559K, committed 51072K, reserved 1093632K
  class space    used 6048K, capacity 6164K, committed 6272K, reserved 1048576K
Event: 44.068 GC heap after
Heap after GC invocations=31 (full 12):
 par new generation   total 306688K, used 14800K [0x00000000c0000000, 0x00000000d4cc0000, 0x00000000d4cc0000)
  eden space 272640K,   0% used [0x00000000c0000000, 0x00000000c0000000, 0x00000000d0a40000)
  from space 34048K,  43% used [0x00000000d2b80000, 0x00000000d39f4230, 0x00000000d4cc0000)
  to   space 34048K,   0% used [0x00000000d0a40000, 0x00000000d0a40000, 0x00000000d2b80000)
 concurrent mark-sweep generation total 707840K, used 262180K [0x00000000d4cc0000, 0x0000000100000000, 0x0000000100000000)
 Metaspace       used 50196K, capacity 50559K, committed 51072K, reserved 1093632K
  class space    used 6048K, capacity 6164K, committed 6272K, reserved 1048576K
}
Event: 44.991 GC heap before
{Heap before GC invocations=31 (full 12):
 par new generation   total 306688K, used 287440K [0x00000000c0000000, 0x00000000d4cc0000, 0x00000000d4cc0000)
  eden space 272640K, 100% used [0x00000000c0000000, 0x00000000d0a40000, 0x00000000d0a40000)
  from space 34048K,  43% used [0x00000000d2b80000, 0x00000000d39f4230, 0x00000000d4cc0000)
  to   space 34048K,   0% used [0x00000000d0a40000, 0x00000000d0a40000, 0x00000000d2b80000)
 concurrent mark-sweep generation total 707840K, used 262180K [0x00000000d4cc0000, 0x0000000100000000, 0x0000000100000000)
 Metaspace       used 50223K, capacity 50559K, committed 51072K, reserved 1093632K
  class space    used 6049K, capacity 6164K, committed 6272K, reserved 1048576K
Event: 44.999 GC heap after
Heap after GC invocations=32 (full 12):
 par new generation   total 306688K, used 17006K [0x00000000c0000000, 0x00000000d4cc0000, 0x00000000d4cc0000)
  eden space 272640K,   0% used [0x00000000c0000000, 0x00000000c0000000, 0x00000000d0a40000)
  from space 34048K,  49% used [0x00000000d0a40000, 0x00000000d1adb8a8, 0x00000000d2b80000)
  to   space 34048K,   0% used [0x00000000d2b80000, 0x00000000d2b80000, 0x00000000d4cc0000)
 concurrent mark-sweep generation total 707840K, used 264031K [0x00000000d4cc0000, 0x0000000100000000, 0x0000000100000000)
 Metaspace       used 50223K, capacity 50559K, committed 51072K, reserved 1093632K
  class space    used 6049K, capacity 6164K, committed 6272K, reserved 1048576K
}
Event: 47.218 GC heap before
{Heap before GC invocations=32 (full 12):
 par new generation   total 306688K, used 289646K [0x00000000c0000000, 0x00000000d4cc0000, 0x00000000d4cc0000)
  eden space 272640K, 100% used [0x00000000c0000000, 0x00000000d0a40000, 0x00000000d0a40000)
  from space 34048K,  49% used [0x00000000d0a40000, 0x00000000d1adb8a8, 0x00000000d2b80000)
  to   space 34048K,   0% used [0x00000000d2b80000, 0x00000000d2b80000, 0x00000000d4cc0000)
 concurrent mark-sweep generation total 707840K, used 264031K [0x00000000d4cc0000, 0x0000000100000000, 0x0000000100000000)
 Metaspace       used 50249K, capacity 50623K, committed 51072K, reserved 1093632K
  class space    used 6049K, capacity 6164K, committed 6272K, reserved 1048576K
Event: 47.228 GC heap after
Heap after GC invocations=33 (full 12):
 par new generation   total 306688K, used 16469K [0x00000000c0000000, 0x00000000d4cc0000, 0x00000000d4cc0000)
  eden space 272640K,   0% used [0x00000000c0000000, 0x00000000c0000000, 0x00000000d0a40000)
  from space 34048K,  48% used [0x00000000d2b80000, 0x00000000d3b95590, 0x00000000d4cc0000)
  to   space 34048K,   0% used [0x00000000d0a40000, 0x00000000d0a40000, 0x00000000d2b80000)
 concurrent mark-sweep generation total 707840K, used 266483K [0x00000000d4cc0000, 0x0000000100000000, 0x0000000100000000)
 Metaspace       used 50249K, capacity 50623K, committed 51072K, reserved 1093632K
  class space    used 6049K, capacity 6164K, committed 6272K, reserved 1048576K
}
Event: 50.501 GC heap before
{Heap before GC invocations=33 (full 12):
 par new generation   total 306688K, used 289109K [0x00000000c0000000, 0x00000000d4cc0000, 0x00000000d4cc0000)
  eden space 272640K, 100% used [0x00000000c0000000, 0x00000000d0a40000, 0x00000000d0a40000)
  from space 34048K,  48% used [0x00000000d2b80000, 0x00000000d3b95590, 0x00000000d4cc0000)
  to   space 34048K,   0% used [0x00000000d0a40000, 0x00000000d0a40000, 0x00000000d2b80000)
 concurrent mark-sweep generation total 707840K, used 266483K [0x00000000d4cc0000, 0x0000000100000000, 0x0000000100000000)
 Metaspace       used 50329K, capacity 50687K, committed 51072K, reserved 1093632K
  class space    used 6051K, capacity 6164K, committed 6272K, reserved 1048576K
Event: 50.509 GC heap after
Heap after GC invocations=34 (full 12):
 par new generation   total 306688K, used 12706K [0x00000000c0000000, 0x00000000d4cc0000, 0x00000000d4cc0000)
  eden space 272640K,   0% used [0x00000000c0000000, 0x00000000c0000000, 0x00000000d0a40000)
  from space 34048K,  37% used [0x00000000d0a40000, 0x00000000d16a8bc0, 0x00000000d2b80000)
  to   space 34048K,   0% used [0x00000000d2b80000, 0x00000000d2b80000, 0x00000000d4cc0000)
 concurrent mark-sweep generation total 707840K, used 269391K [0x00000000d4cc0000, 0x0000000100000000, 0x0000000100000000)
 Metaspace       used 50329K, capacity 50687K, committed 51072K, reserved 1093632K
  class space    used 6051K, capacity 6164K, committed 6272K, reserved 1048576K
}
Event: 54.267 GC heap before
{Heap before GC invocations=34 (full 12):
 par new generation   total 306688K, used 285346K [0x00000000c0000000, 0x00000000d4cc0000, 0x00000000d4cc0000)
  eden space 272640K, 100% used [0x00000000c0000000, 0x00000000d0a40000, 0x00000000d0a40000)
  from space 34048K,  37% used [0x00000000d0a40000, 0x00000000d16a8bc0, 0x00000000d2b80000)
  to   space 34048K,   0% used [0x00000000d2b80000, 0x00000000d2b80000, 0x00000000d4cc0000)
 concurrent mark-sweep generation total 707840K, used 268948K [0x00000000d4cc0000, 0x0000000100000000, 0x0000000100000000)
 Metaspace       used 50413K, capacity 50751K, committed 51328K, reserved 1093632K
  class space    used 6057K, capacity 6164K, committed 6272K, reserved 1048576K
Event: 54.273 GC heap after
Heap after GC invocations=35 (full 12):
 par new generation   total 306688K, used 15048K [0x00000000c0000000, 0x00000000d4cc0000, 0x00000000d4cc0000)
  eden space 272640K,   0% used [0x00000000c0000000, 0x00000000c0000000, 0x00000000d0a40000)
  from space 34048K,  44% used [0x00000000d2b80000, 0x00000000d3a323e0, 0x00000000d4cc0000)
  to   space 34048K,   0% used [0x00000000d0a40000, 0x00000000d0a40000, 0x00000000d2b80000)
 concurrent mark-sweep generation total 707840K, used 269650K [0x00000000d4cc0000, 0x0000000100000000, 0x0000000100000000)
 Metaspace       used 50413K, capacity 50751K, committed 51328K, reserved 1093632K
  class space    used 6057K, capacity 6164K, committed 6272K, reserved 1048576K
}

